<?xml version="1.0" encoding="UTF-8"?>
<!-- Generated by org.testng.reporters.JUnitXMLReporter -->
<testsuite ignored="3" hostname="DESKTOP-5EVK54D" failures="0" tests="4" name="Morning" time="30.457" errors="0" timestamp="2024-03-24T08:04:09 IST">
  <testcase classname="testclasses.LoginTest" name="loginToApp" time="5.302"/>
  <testcase classname="testclasses.PlanSelectionTest" name="selectOperator" time="16.952"/>
  <testcase classname="testclasses.CheckOutTest" name="checkoutOrder" time="2.435"/>
  <testcase classname="testclasses.TravelSimTest" name="buySim" time="5.573"/>
  <testcase classname="testclasses.BaseTest" name="@BeforeSuite initBrowser" time="0.0">
    <ignored/>
  </testcase> <!-- @BeforeSuite initBrowser -->
  <testcase classname="testclasses.BaseTest" name="@BeforeSuite initBrowser" time="0.0">
    <ignored/>
  </testcase> <!-- @BeforeSuite initBrowser -->
  <testcase classname="testclasses.BaseTest" name="@BeforeSuite initBrowser" time="0.0">
    <ignored/>
  </testcase> <!-- @BeforeSuite initBrowser -->
</testsuite> <!-- Morning -->
