<?xml version="1.0" encoding="UTF-8"?>
<testng-results ignored="3" total="7" passed="4" failed="0" skipped="0">
  <reporter-output>
  </reporter-output>
  <suite started-at="2024-03-24T08:03:37 IST" name="9 Sept" finished-at="2024-03-24T08:04:07 IST" duration-ms="30457">
    <groups>
    </groups>
    <test started-at="2024-03-24T08:03:37 IST" name="Morning" finished-at="2024-03-24T08:04:07 IST" duration-ms="30457">
      <class name="testclasses.LoginTest">
        <test-method is-config="true" signature="initBrowser()[pri:0, instance:testclasses.LoginTest@3b5fad2d]" started-at="2024-03-24T08:03:29 IST" name="initBrowser" finished-at="2024-03-24T08:03:37 IST" duration-ms="7853" status="PASS">
          <reporter-output>
          </reporter-output>
        </test-method> <!-- initBrowser -->
        <test-method is-config="true" signature="createObject()[pri:0, instance:testclasses.LoginTest@3b5fad2d]" started-at="2024-03-24T08:03:37 IST" name="createObject" finished-at="2024-03-24T08:03:37 IST" duration-ms="56" status="PASS">
          <reporter-output>
          </reporter-output>
        </test-method> <!-- createObject -->
        <test-method signature="loginToApp()[pri:1, instance:testclasses.LoginTest@3b5fad2d]" started-at="2024-03-24T08:03:37 IST" name="loginToApp" finished-at="2024-03-24T08:03:42 IST" duration-ms="5302" status="PASS">
          <reporter-output>
          </reporter-output>
        </test-method> <!-- loginToApp -->
      </class> <!-- testclasses.LoginTest -->
      <class name="testclasses.TravelSimTest">
        <test-method is-config="true" signature="createObject()[pri:0, instance:testclasses.TravelSimTest@93081b6]" started-at="2024-03-24T08:04:02 IST" name="createObject" finished-at="2024-03-24T08:04:02 IST" duration-ms="13" status="PASS">
          <reporter-output>
          </reporter-output>
        </test-method> <!-- createObject -->
        <test-method signature="buySim()[pri:0, instance:testclasses.TravelSimTest@93081b6]" started-at="2024-03-24T08:04:02 IST" name="buySim" finished-at="2024-03-24T08:04:07 IST" duration-ms="5573" status="PASS">
          <reporter-output>
          </reporter-output>
        </test-method> <!-- buySim -->
      </class> <!-- testclasses.TravelSimTest -->
      <class name="testclasses.PlanSelectionTest">
        <test-method is-config="true" signature="createObject()[pri:0, instance:testclasses.PlanSelectionTest@30b6ffe0]" started-at="2024-03-24T08:03:42 IST" name="createObject" finished-at="2024-03-24T08:03:42 IST" duration-ms="11" status="PASS">
          <reporter-output>
          </reporter-output>
        </test-method> <!-- createObject -->
        <test-method signature="selectOperator()[pri:3, instance:testclasses.PlanSelectionTest@30b6ffe0]" started-at="2024-03-24T08:03:42 IST" name="selectOperator" finished-at="2024-03-24T08:03:59 IST" duration-ms="16952" status="PASS">
          <reporter-output>
          </reporter-output>
        </test-method> <!-- selectOperator -->
      </class> <!-- testclasses.PlanSelectionTest -->
      <class name="testclasses.CheckOutTest">
        <test-method is-config="true" signature="createObject()[pri:0, instance:testclasses.CheckOutTest@14f232c4]" started-at="2024-03-24T08:03:59 IST" name="createObject" finished-at="2024-03-24T08:03:59 IST" duration-ms="3" status="PASS">
          <reporter-output>
          </reporter-output>
        </test-method> <!-- createObject -->
        <test-method signature="checkoutOrder()[pri:4, instance:testclasses.CheckOutTest@14f232c4]" started-at="2024-03-24T08:03:59 IST" name="checkoutOrder" finished-at="2024-03-24T08:04:02 IST" duration-ms="2435" status="PASS">
          <reporter-output>
          </reporter-output>
        </test-method> <!-- checkoutOrder -->
      </class> <!-- testclasses.CheckOutTest -->
    </test> <!-- Morning -->
  </suite> <!-- 9 Sept -->
</testng-results>
